2025-05-27 11:03:40 Log begins
2025-05-27 11:04:27 Receive SMS [SMSC:vodacom] [SVC:] [ACT:afyacallhs] [BINF:afya ] [FID:] [META:?smpp?] [from:+255768442753] [to:15723] [flags:-1:0:-1:0:-1] [msg:119:Je mjamzt aliefkxh miez mi5 kasor akiw bd hajaend clnic anawez kukatalw kufngua kad laclnic na ku7bxh xhd kwaupnd wake?] [udh:0:]
2025-05-27 11:04:27 Receive SMS [SMSC:vodacom] [SVC:] [ACT:afyacallhs] [BINF:afya ] [FID:] [META:?smpp?] [from:+255741766879] [to:15723] [flags:-1:0:-1:0:-1] [msg:15:Saw Nimekuelewa] [udh:0:]
2025-05-27 11:04:28 Sent SMS [SMSC:vodacom] [SVC:default] [ACT:] [BINF:] [FID:259884691] [META:?smpp_resp?] [from:15723] [to:+255741766879] [flags:-1:0:-1:-1:-1] [msg:41:Naweza kukusaidiaje kuhusu afya yako leo?] [udh:0:]
2025-05-27 11:04:28 Sent SMS [SMSC:vodacom] [SVC:default] [ACT:] [BINF:] [FID:259884855] [META:?smpp_resp?] [from:15723] [to:+255768442753] [flags:-1:0:-1:-1:-1] [msg:115:Anaweza kuchelewa kupata huduma muhimu, lakini hatakataliwa. Ni muhimu kuhudhuria kliniki haraka kwa matibabu bora.] [udh:0:]
2025-05-27 11:06:10 Log ends
2025-05-27 11:07:58 Log begins
2025-05-27 11:08:09 Receive DLR [SMSC:vodacom] [SVC:afya] [ACT:afyacallhs] [BINF:] [FID:169127141] [META:?orig_msg?dlr_mask=31&?smpp?dlr_err=%03%00%00&] [from:AFYACALL] [to:255744079145] [flags:-1:-1:-1:-1:1] [msg:122:id:0169127141 sub:001 dlvrd:001 submit date:2505271107 done date:2505271108 stat:DELIVRD err:000 text:Karibu huduma ya Kuo] [udh:0:]
2025-05-27 11:08:15 Receive DLR [SMSC:vodacom] [SVC:afya] [ACT:afyacallhs] [BINF:] [FID:169154826] [META:?orig_msg?dlr_mask=31&?smpp?dlr_err=%03%00%00&] [from:15723] [to:255763319675] [flags:-1:-1:-1:-1:1] [msg:122:id:0169154826 sub:001 dlvrd:001 submit date:2505271107 done date:2505271108 stat:DELIVRD err:000 text:Tumeshindwa kukamili] [udh:0:]
2025-05-27 11:10:05 Sent SMS [SMSC:vodacom] [SVC:afyacpsms] [ACT:] [BINF:] [FID:169345163] [META:?smpp_resp?] [from:15723] [to:255743956595] [flags:-1:0:-1:-1:31] [msg:11:mambo niaje] [udh:0:]
2025-05-27 11:10:05 Receive DLR [SMSC:vodacom] [SVC:afyacpsms] [ACT:] [BINF:] [FID:169345163] [META:?smpp_resp??orig_msg?dlr_mask=31&] [from:15723] [to:255743956595] [flags:-1:-1:-1:-1:8] [msg:4:ACK/] [udh:0:]
2025-05-27 11:11:07 Receive DLR [SMSC:vodacom] [SVC:afya] [ACT:afyacallhs] [BINF:] [FID:169417550] [META:?orig_msg?dlr_mask=31&?smpp?dlr_err=%03%00%00&] [from:15723] [to:255769055447] [flags:-1:-1:-1:-1:1] [msg:122:id:0169417550 sub:001 dlvrd:001 submit date:2505271110 done date:2505271111 stat:DELIVRD err:000 text:Pole Ndugu Mteja, ba] [udh:0:]
2025-05-27 11:11:17 Receive SMS [SMSC:vodacom] [SVC:] [ACT:afyacallhs] [BINF:afya ] [FID:] [META:?smpp?] [from:+255741157014] [to:15723] [flags:-1:0:-1:0:-1] [msg:31:Mazoez ya kukata tumbo yapo vip] [udh:0:]
2025-05-27 11:11:19 Sent SMS [SMSC:vodacom] [SVC:default] [ACT:] [BINF:] [FID:169458336] [META:?smpp_resp?] [from:15723] [to:+255741157014] [flags:-1:0:-1:-1:-1] [msg:136:Fanya mazoezi kama vile planks, sit-ups, na bicycle crunches. Kumbuka pia kula vizuri na kupunguza mafuta mwilini kwa mazoezi ya cardio.] [udh:0:]
2025-05-27 11:11:41 Receive SMS [SMSC:vodacom] [SVC:] [ACT:afyacallhs] [BINF:afya ] [FID:] [META:?smpp?] [from:+255768442753] [to:15723] [flags:-1:0:-1:0:-1] [msg:30:Je mjamzt huwag anambav chang?] [udh:0:]
2025-05-27 11:11:42 Receive SMS [SMSC:vodacom] [SVC:] [ACT:afyacallhs] [BINF:afya ] [FID:] [META:?smpp?] [from:+255753043608] [to:15723] [flags:-1:0:-1:0:-1] [msg:6:Naumwa] [udh:0:]
2025-05-27 11:11:42 Sent SMS [SMSC:vodacom] [SVC:default] [ACT:] [BINF:] [FID:169494221] [META:?smpp_resp?] [from:15723] [to:+255753043608] [flags:-1:0:-1:-1:-1] [msg:158:Habari! Mimi ni msaidizi wako wa kidijitali nitakayekupa ushauri bora wa afya kwa shilingi 150 tu kwa siku. Hivi punde utapokea ujumbe wa kuthibitisha malipo!] [udh:0:]
2025-05-27 11:11:43 Sent SMS [SMSC:vodacom] [SVC:default] [ACT:] [BINF:] [FID:169494511] [META:?smpp_resp?] [from:15723] [to:+255768442753] [flags:-1:0:-1:-1:-1] [msg:113:Ndiyo, mchango ni kawaida kwa mimba. Ikiwa kuna maumivu makali au damu, piga simu Afyacall: 0900011111 mara moja.] [udh:0:]
2025-05-27 11:12:03 Receive DLR [SMSC:vodacom] [SVC:afya] [ACT:afyacallhs] [BINF:] [FID:169494908] [META:?orig_msg?dlr_mask=31&?smpp?dlr_err=%03%00%00&] [from:AFYACALL] [to:255753043608] [flags:-1:-1:-1:-1:1] [msg:122:id:0169494908 sub:001 dlvrd:001 submit date:2505271111 done date:2505271112 stat:DELIVRD err:000 text:Karibu Ndugu kwenye ] [udh:0:]
2025-05-27 11:12:04 Receive DLR [SMSC:vodacom] [SVC:afya] [ACT:afyacallhs] [BINF:] [FID:169500645] [META:?orig_msg?dlr_mask=31&?smpp?dlr_err=%03%00%00&] [from:15723] [to:255753043608] [flags:-1:-1:-1:-1:1] [msg:122:id:0169500645 sub:001 dlvrd:001 submit date:2505271111 done date:2505271112 stat:DELIVRD err:000 text:Malipo yako ya kujiu] [udh:0:]
2025-05-27 11:12:22 Receive SMS [SMSC:vodacom] [SVC:] [ACT:afyacallhs] [BINF:afya ] [FID:] [META:?smpp?] [from:+255741157014] [to:15723] [flags:-1:0:-1:0:-1] [msg:28:Cardio kwa kiswahil ndo vipi] [udh:0:]
2025-05-27 11:12:26 Sent SMS [SMSC:vodacom] [SVC:default] [ACT:] [BINF:] [FID:169559826] [META:?smpp_resp?] [from:15723] [to:+255741157014] [flags:-1:0:-1:-1:-1] [msg:143:Cardio ni mazoezi ya kuongeza mapigo ya moyo kama kukimbia, kuruka kamba, na kuendesha baiskeli. Yanasaidia kuboresha mzunguko wa damu na afya.] [udh:0:]
2025-05-27 11:12:31 Receive SMS [SMSC:vodacom] [SVC:] [ACT:afyacallhs] [BINF:afya ] [FID:] [META:?smpp?] [from:+255768442753] [to:15723] [flags:-1:0:-1:0:-1] [msg:33:Je mjamzt huwaga anambavu changa?] [udh:0:]
2025-05-27 11:12:33 Sent SMS [SMSC:vodacom] [SVC:default] [ACT:] [BINF:] [FID:169569966] [META:?smpp_resp?] [from:15723] [to:+255768442753] [flags:-1:0:-1:-1:-1] [msg:104:Ndio, ni kawaida. Lakini maumivu makali au ikifuatana na damu, piga simu Afyacall: 0900011111 mara moja.] [udh:0:]
2025-05-27 11:12:39 Receive SMS [SMSC:vodacom] [SVC:] [ACT:afyacallhs] [BINF:afya ] [FID:] [META:?smpp?] [from:+255755390229] [to:15723] [flags:-1:0:-1:0:-1] [msg:6:vibaya] [udh:0:]
2025-05-27 11:12:40 Sent SMS [SMSC:vodacom] [SVC:default] [ACT:] [BINF:] [FID:169579831] [META:?smpp_resp?] [from:15723] [to:+255755390229] [flags:-1:0:-1:-1:-1] [msg:158:Habari! Mimi ni msaidizi wako wa kidijitali nitakayekupa ushauri bora wa afya kwa shilingi 150 tu kwa siku. Hivi punde utapokea ujumbe wa kuthibitisha malipo!] [udh:0:]
2025-05-27 11:13:01 Receive DLR [SMSC:vodacom] [SVC:afya] [ACT:afyacallhs] [BINF:] [FID:169580454] [META:?orig_msg?dlr_mask=31&?smpp?dlr_err=%03%00%00&] [from:AFYACALL] [to:255755390229] [flags:-1:-1:-1:-1:1] [msg:122:id:0169580454 sub:001 dlvrd:001 submit date:2505271112 done date:2505271113 stat:DELIVRD err:000 text:Karibu Ndugu kwenye ] [udh:0:]
2025-05-27 11:13:07 Receive DLR [SMSC:vodacom] [SVC:afya] [ACT:afyacallhs] [BINF:] [FID:169596486] [META:?orig_msg?dlr_mask=31&?smpp?dlr_err=%03%00%00&] [from:15723] [to:255755390229] [flags:-1:-1:-1:-1:1] [msg:122:id:0169596486 sub:001 dlvrd:001 submit date:2505271112 done date:2505271113 stat:DELIVRD err:000 text:Tumeshindwa kukamili] [udh:0:]
2025-05-27 11:13:33 Receive SMS [SMSC:vodacom] [SVC:] [ACT:afyacallhs] [BINF:afya ] [FID:] [META:?smpp?] [from:+255741766879] [to:15723] [flags:-1:0:-1:0:-1] [msg:48:Kwaniniukiwamjamzitounashauriwakunywamajikilasaa] [udh:0:]
2025-05-27 11:13:35 Sent SMS [SMSC:vodacom] [SVC:default] [ACT:] [BINF:] [FID:169666889] [META:?smpp_resp?] [from:15723] [to:+255741766879] [flags:-1:0:-1:-1:-1] [msg:140:Habari! Maji ni muhimu kwa mjamzito kuhifadhi afya yake na ya mtoto, kusaidia digestion, na kuepuka kuvimba. Malengo ni glasi 8-10 kwa siku.] [udh:0:]
2025-05-27 11:13:43 Receive SMS [SMSC:vodacom] [SVC:] [ACT:afyacallhs] [BINF:afya ] [FID:] [META:?smpp?] [from:+255768442753] [to:15723] [flags:-1:0:-1:0:-1] [msg:2:Pw] [udh:0:]
2025-05-27 11:13:44 Sent SMS [SMSC:vodacom] [SVC:default] [ACT:] [BINF:] [FID:169681870] [META:?smpp_resp?] [from:15723] [to:+255768442753] [flags:-1:0:-1:-1:-1] [msg:32:Poa! Naweza kukusaidia vipi leo?] [udh:0:]
2025-05-27 11:13:56 Receive DLR [SMSC:vodacom] [SVC:afya] [ACT:afyacallhs] [BINF:] [FID:169698941] [META:?orig_msg?dlr_mask=31&?smpp?dlr_err=%03%00%00&] [from:15723] [to:255766504860] [flags:-1:-1:-1:-1:1] [msg:122:id:0169698941 sub:001 dlvrd:001 submit date:2505271113 done date:2505271113 stat:DELIVRD err:000 text:Malipo yako ya kujiu] [udh:0:]
2025-05-27 11:14:03 Receive SMS [SMSC:vodacom] [SVC:] [ACT:afyacallhs] [BINF:afya ] [FID:] [META:?smpp?] [from:+255741157014] [to:15723] [flags:-1:0:-1:0:-1] [msg:34:Pelvic tilts ikwa kiswahil ipo vip] [udh:0:]
2025-05-27 11:14:05 Sent SMS [SMSC:vodacom] [SVC:default] [ACT:] [BINF:] [FID:169712305] [META:?smpp_resp?] [from:15723] [to:+255741157014] [flags:-1:0:-1:-1:-1] [msg:136:Pelvic tilts kwa Kiswahili ni "mizunguko ya nyonga." Huimarisha misuli ya tumbo na mgongo. Ruka mara 10-15 huku ukiweka mwili tambarare.] [udh:0:]
2025-05-27 11:14:16 Receive DLR [SMSC:vodacom] [SVC:afya] [ACT:afyacallhs] [BINF:] [FID:167338470] [META:?orig_msg?dlr_mask=31&?smpp?dlr_err=%03%00%22&] [from:15723] [to:255766840910] [flags:-1:-1:-1:-1:1] [msg:122:id:0167338470 sub:001 dlvrd:001 submit date:2505271043 done date:2505271114 stat:DELIVRD err:034 text:Tumeshindwa kukamili] [udh:0:]
2025-05-27 11:14:16 Receive SMS [SMSC:vodacom] [SVC:] [ACT:afyacallhs] [BINF:afya ] [FID:] [META:?smpp?] [from:+255756055889] [to:15723] [flags:-1:0:-1:0:-1] [msg:5:Ondoa] [udh:0:]
2025-05-27 11:14:16 Sent SMS [SMSC:vodacom] [SVC:default] [ACT:] [BINF:] [FID:169729437] [META:?smpp_resp?] [from:15723] [to:+255756055889] [flags:-1:0:-1:-1:-1] [msg:60:Ombi lako linashughulikiwa. Your request is being processed.] [udh:0:]
2025-05-27 11:14:21 Receive DLR [SMSC:vodacom] [SVC:afya] [ACT:afyacallhs] [BINF:] [FID:169730004] [META:?orig_msg?dlr_mask=31&?smpp?dlr_err=%03%00%00&] [from:15723] [to:255756055889] [flags:-1:-1:-1:-1:1] [msg:122:id:0169730004 sub:001 dlvrd:001 submit date:2505271114 done date:2505271114 stat:DELIVRD err:000 text:Pole Ndugu Mteja, ba] [udh:0:]
2025-05-27 11:14:24 Receive DLR [SMSC:vodacom] [SVC:afya] [ACT:afyacallhs] [BINF:] [FID:169732233] [META:?orig_msg?dlr_mask=31&?smpp?dlr_err=%03%00%00&] [from:15723] [to:255756055889] [flags:-1:-1:-1:-1:1] [msg:122:id:0169732233 sub:001 dlvrd:001 submit date:2505271114 done date:2505271114 stat:DELIVRD err:000 text:Pole Ndugu Mteja, ba] [udh:0:]
2025-05-27 11:15:03 Receive SMS [SMSC:vodacom] [SVC:] [ACT:afyacallhs] [BINF:afya ] [FID:] [META:?smpp?] [from:+255761612574] [to:15723] [flags:-1:0:-1:0:-1] [msg:5:ONDOA] [udh:0:]
2025-05-27 11:15:03 Sent SMS [SMSC:vodacom] [SVC:default] [ACT:] [BINF:] [FID:169799119] [META:?smpp_resp?] [from:15723] [to:+255761612574] [flags:-1:0:-1:-1:-1] [msg:60:Ombi lako linashughulikiwa. Your request is being processed.] [udh:0:]
2025-05-27 11:15:05 Receive DLR [SMSC:vodacom] [SVC:afya] [ACT:afyacallhs] [BINF:] [FID:169799619] [META:?orig_msg?dlr_mask=31&?smpp?dlr_err=%03%00%00&] [from:15723] [to:255761612574] [flags:-1:-1:-1:-1:1] [msg:122:id:0169799619 sub:001 dlvrd:001 submit date:2505271115 done date:2505271115 stat:DELIVRD err:000 text:Pole Ndugu Mteja, ba] [udh:0:]
2025-05-27 11:15:29 Receive DLR [SMSC:vodacom] [SVC:afya] [ACT:afyacallhs] [BINF:] [FID:167528940] [META:?orig_msg?dlr_mask=31&?smpp?dlr_err=%03%00%22&] [from:15723] [to:255759191654] [flags:-1:-1:-1:-1:2] [msg:122:id:0167528940 sub:001 dlvrd:001 submit date:2505271047 done date:2505271115 stat:UNDELIV err:034 text:Tumeshindwa kukamili] [udh:0:]
2025-05-27 11:15:37 Receive SMS [SMSC:vodacom] [SVC:] [ACT:afyacallhs] [BINF:afya ] [FID:] [META:?smpp?] [from:+255741157014] [to:15723] [flags:-1:0:-1:0:-1] [msg:27:Jinsi yakufanya kwa vitendo] [udh:0:]
2025-05-27 11:15:39 Sent SMS [SMSC:vodacom] [SVC:default] [ACT:] [BINF:] [FID:169848561] [META:?smpp_resp?] [from:15723] [to:+255741157014] [flags:-1:0:-1:-1:-1] [msg:125:Lala chali, piga magoti. Inua nyonga taratibu juu kisha chini bila kusukuma. Rudia mara 10-15. Ni nzuri kwa mgongo na nyonga.] [udh:0:]
2025-05-27 11:15:39 Receive SMS [SMSC:vodacom] [SVC:] [ACT:afyacallhs] [BINF:afya ] [FID:] [META:?smpp?] [from:+255760149485] [to:15723] [flags:-1:0:-1:0:-1] [msg:8:ONDOASMS] [udh:0:]
2025-05-27 11:15:39 Sent SMS [SMSC:vodacom] [SVC:default] [ACT:] [BINF:] [FID:169849315] [META:?smpp_resp?] [from:15723] [to:+255760149485] [flags:-1:0:-1:-1:-1] [msg:60:Ombi lako linashughulikiwa. Your request is being processed.] [udh:0:]
2025-05-27 11:15:48 Receive DLR [SMSC:vodacom] [SVC:afya] [ACT:afyacallhs] [BINF:] [FID:169850667] [META:?orig_msg?dlr_mask=31&?smpp?dlr_err=%03%00%00&] [from:15723] [to:255760149485] [flags:-1:-1:-1:-1:1] [msg:122:id:0169850667 sub:001 dlvrd:001 submit date:2505271115 done date:2505271115 stat:DELIVRD err:000 text:Pole Ndugu Mteja, ba] [udh:0:]
2025-05-27 11:16:07 Receive SMS [SMSC:vodacom] [SVC:] [ACT:afyacallhs] [BINF:afya ] [FID:] [META:?smpp?] [from:+255741407870] [to:15723] [flags:-1:0:-1:0:-1] [msg:45:Leo sijiskii vizuri kwasababu Naumwa na tumbo] [udh:0:]
2025-05-27 11:16:09 Sent SMS [SMSC:vodacom] [SVC:default] [ACT:] [BINF:] [FID:169893824] [META:?smpp_resp?] [from:15723] [to:+255741407870] [flags:-1:0:-1:-1:-1] [msg:141:Samahani, hauna salio la kutosha. Ongeza salio kwenye M-pesa au muda wa maongezi kisha tuma tena ujumbe. Huduma hii ni Tsh150 tu kwa masaa 24] [udh:0:]
2025-05-27 11:16:12 Receive SMS [SMSC:vodacom] [SVC:] [ACT:afyacallhs] [BINF:afya ] [FID:] [META:?smpp?] [from:+255741766879] [to:15723] [flags:-1:0:-1:0:-1] [msg:27:Dawaunazopewazinasaidianini] [udh:0:]
2025-05-27 11:16:14 Sent SMS [SMSC:vodacom] [SVC:default] [ACT:] [BINF:] [FID:169900550] [META:?smpp_resp?] [from:15723] [to:+255741766879] [flags:-1:0:-1:-1:-1] [msg:110:Dawa nyingi husaidia kupunguza dalili na kutibu magonjwa. Tafadhali niambie dalili zako nikupe ushauri maalum.] [udh:0:]
2025-05-27 11:16:32 Receive SMS [SMSC:vodacom] [SVC:] [ACT:afyacallhs] [BINF:afya ] [FID:] [META:?smpp?] [from:+255769474343] [to:15723] [flags:-1:0:-1:0:-1] [msg:22:Sw asant kw msaada wak] [udh:0:]
2025-05-27 11:16:33 Sent SMS [SMSC:vodacom] [SVC:default] [ACT:] [BINF:] [FID:169929983] [META:?smpp_resp?] [from:15723] [to:+255769474343] [flags:-1:0:-1:-1:-1] [msg:72:Karibu! Ikiwa na maswali zaidi au unahitaji ushauri, niko hapa kusaidia.] [udh:0:]
2025-05-27 11:17:12 Receive DLR [SMSC:vodacom] [SVC:afya] [ACT:afyacallhs] [BINF:] [FID:169982185] [META:?orig_msg?dlr_mask=31&?smpp?dlr_err=%03%00%00&] [from:15723] [to:255750335633] [flags:-1:-1:-1:-1:1] [msg:122:id:0169982185 sub:001 dlvrd:001 submit date:2505271117 done date:2505271117 stat:DELIVRD err:000 text:Pole Ndugu Mteja, ba] [udh:0:]
2025-05-27 11:17:28 Receive SMS [SMSC:vodacom] [SVC:] [ACT:afyacallhs] [BINF:afya ] [FID:] [META:?smpp?] [from:+255741766879] [to:15723] [flags:-1:0:-1:0:-1] [msg:7:Malaria] [udh:0:]
2025-05-27 11:17:29 Sent SMS [SMSC:vodacom] [SVC:default] [ACT:] [BINF:] [FID:170010601] [META:?smpp_resp?] [from:15723] [to:+255741766879] [flags:-1:0:-1:-1:-1] [msg:130:Pole kwa hilo! Una dalili gani na umedumu kwa siku ngapi? Tafadhali wasiliana na Afyacall: 0900011111 kwa uchunguzi na tiba zaidi.] [udh:0:]
2025-05-27 11:17:30 Receive DLR [SMSC:vodacom] [SVC:afya] [ACT:afyacallhs] [BINF:] [FID:169983054] [META:?orig_msg?dlr_mask=31&?smpp?dlr_err=%03%00%22&] [from:15723] [to:255750335633] [flags:-1:-1:-1:-1:4] [msg:122:id:0169983054 sub:001 dlvrd:001 submit date:2505271117 done date:           stat:ACCEPTD err:034 text:Pole Ndugu Mteja, ba] [udh:0:]
2025-05-27 11:18:06 Receive SMS [SMSC:vodacom] [SVC:] [ACT:afyacallhs] [BINF:afya ] [FID:] [META:?smpp?] [from:+255746702480] [to:15723] [flags:-1:0:-1:0:-1] [msg:10:Ondoa asms] [udh:0:]
2025-05-27 11:18:08 Sent SMS [SMSC:vodacom] [SVC:default] [ACT:] [BINF:] [FID:170066465] [META:?smpp_resp?] [from:15723] [to:+255746702480] [flags:-1:0:-1:-1:-1] [msg:141:Samahani, hauna salio la kutosha. Ongeza salio kwenye M-pesa au muda wa maongezi kisha tuma tena ujumbe. Huduma hii ni Tsh150 tu kwa masaa 24] [udh:0:]
2025-05-27 11:19:00 Receive SMS [SMSC:vodacom] [SVC:] [ACT:afyacallhs] [BINF:afya ] [FID:] [META:?smpp?] [from:+255741766879] [to:15723] [flags:-1:0:-1:0:-1] [msg:11:Sinalingine] [udh:0:]
2025-05-27 11:19:01 Sent SMS [SMSC:vodacom] [SVC:default] [ACT:] [BINF:] [FID:170146348] [META:?smpp_resp?] [from:15723] [to:+255741766879] [flags:-1:0:-1:-1:-1] [msg:57:Sawa, kama unahitaji msaada zaidi, nipo hapa. Kaa salama!] [udh:0:]
2025-05-27 11:20:01 Receive SMS [SMSC:vodacom] [SVC:] [ACT:afyacallhs] [BINF:afya ] [FID:] [META:?smpp?] [from:+255765706516] [to:15723] [flags:-1:0:-1:0:-1] [msg:5:ONDOA] [udh:0:]
2025-05-27 11:20:01 Sent SMS [SMSC:vodacom] [SVC:default] [ACT:] [BINF:] [FID:170232551] [META:?smpp_resp?] [from:15723] [to:+255765706516] [flags:-1:0:-1:-1:-1] [msg:60:Ombi lako linashughulikiwa. Your request is being processed.] [udh:0:]
2025-05-27 11:20:32 Receive SMS [SMSC:vodacom] [SVC:] [ACT:afyacallhs] [BINF:afya ] [FID:] [META:?smpp?] [from:+255741157014] [to:15723] [flags:-1:0:-1:0:-1] [msg:15:Planks ipo vipi] [udh:0:]
2025-05-27 11:20:35 Sent SMS [SMSC:vodacom] [SVC:default] [ACT:] [BINF:] [FID:170280943] [META:?smpp_resp?] [from:15723] [to:+255741157014] [flags:-1:0:-1:-1:-1] [msg:129:Lala kifudifudi, weka viwiko sakafuni, nyanyua mwili kwa vidole vya mguu na viwiko. Kaza tumbo na uushikilie mwili kuwa mnyoofu. ] [udh:0:]
2025-05-27 11:20:52 Receive DLR [SMSC:vodacom] [SVC:afya] [ACT:afyacallhs] [BINF:] [FID:170289961] [META:?orig_msg?dlr_mask=31&?smpp?dlr_err=%03%00%00&] [from:15723] [to:255765109212] [flags:-1:-1:-1:-1:1] [msg:122:id:0170289961 sub:001 dlvrd:001 submit date:2505271120 done date:2505271120 stat:DELIVRD err:000 text:Tumeshindwa kukamili] [udh:0:]
2025-05-27 11:21:24 Receive SMS [SMSC:vodacom] [SVC:] [ACT:afyacallhs] [BINF:afya ] [FID:] [META:?smpp?] [from:+255747429140] [to:15723] [flags:-1:0:-1:0:-1] [msg:38:Which country you are doing your work?] [udh:0:]
2025-05-27 11:21:26 Sent SMS [SMSC:vodacom] [SVC:default] [ACT:] [BINF:] [FID:170353727] [META:?smpp_resp?] [from:15723] [to:+255747429140] [flags:-1:0:-1:-1:-1] [msg:85:I'm an AI designed to assist globally with health advice. How may I assist you today?] [udh:0:]
2025-05-27 11:22:09 Receive SMS [SMSC:vodacom] [SVC:] [ACT:afyacallhs] [BINF:afya ] [FID:] [META:?smpp?] [from:+255747429140] [to:15723] [flags:-1:0:-1:0:-1] [msg:26:Where are you stay please?] [udh:0:]
2025-05-27 11:22:10 Sent SMS [SMSC:vodacom] [SVC:default] [ACT:] [BINF:] [FID:170420067] [META:?smpp_resp?] [from:15723] [to:+255747429140] [flags:-1:0:-1:-1:-1] [msg:61:I'm an AI, so I exist everywhere! How can I assist you today?] [udh:0:]
2025-05-27 11:22:50 Receive DLR [SMSC:vodacom] [SVC:afya] [ACT:afyacallhs] [BINF:] [FID:170460290] [META:?orig_msg?dlr_mask=31&?smpp?dlr_err=%03%00%00&] [from:AFYACALL] [to:255746359085] [flags:-1:-1:-1:-1:1] [msg:122:id:0170460290 sub:001 dlvrd:001 submit date:2505271122 done date:2505271122 stat:DELIVRD err:000 text:Karibu huduma ya Kuo] [udh:0:]
2025-05-27 11:23:07 Receive SMS [SMSC:vodacom] [SVC:] [ACT:afyacallhs] [BINF:afya ] [FID:] [META:?smpp?] [from:+255744456920] [to:15723] [flags:-1:0:-1:0:-1] [msg:6:Naumwa] [udh:0:]
2025-05-27 11:23:08 Sent SMS [SMSC:vodacom] [SVC:default] [ACT:] [BINF:] [FID:170506528] [META:?smpp_resp?] [from:15723] [to:+255744456920] [flags:-1:0:-1:-1:-1] [msg:158:Habari! Mimi ni msaidizi wako wa kidijitali nitakayekupa ushauri bora wa afya kwa shilingi 150 tu kwa siku. Hivi punde utapokea ujumbe wa kuthibitisha malipo!] [udh:0:]
2025-05-27 11:24:30 Receive DLR [SMSC:vodacom] [SVC:afya] [ACT:afyacallhs] [BINF:] [FID:170623478] [META:?orig_msg?dlr_mask=31&?smpp?dlr_err=%03%00%00&] [from:15723] [to:255744456920] [flags:-1:-1:-1:-1:1] [msg:122:id:0170623478 sub:001 dlvrd:001 submit date:2505271124 done date:2505271124 stat:DELIVRD err:000 text:Pole Ndugu Mteja, ba] [udh:0:]
2025-05-27 11:24:30 Receive DLR [SMSC:vodacom] [SVC:afya] [ACT:afyacallhs] [BINF:] [FID:170624715] [META:?orig_msg?dlr_mask=31&?smpp?dlr_err=%03%00%00&] [from:15723] [to:255744456920] [flags:-1:-1:-1:-1:1] [msg:122:id:0170624715 sub:001 dlvrd:001 submit date:2505271124 done date:2505271124 stat:DELIVRD err:000 text:Pole Ndugu Mteja, ba] [udh:0:]
2025-05-27 11:24:53 Receive SMS [SMSC:vodacom] [SVC:] [ACT:afyacallhs] [BINF:afya ] [FID:] [META:?smpp?] [from:+255742641465] [to:15723] [flags:-1:0:-1:0:-1] [msg:15:ninachoka choka] [udh:0:]
2025-05-27 11:24:54 Sent SMS [SMSC:vodacom] [SVC:default] [ACT:] [BINF:] [FID:170661800] [META:?smpp_resp?] [from:15723] [to:+255742641465] [flags:-1:0:-1:-1:-1] [msg:158:Habari! Mimi ni msaidizi wako wa kidijitali nitakayekupa ushauri bora wa afya kwa shilingi 150 tu kwa siku. Hivi punde utapokea ujumbe wa kuthibitisha malipo!] [udh:0:]
2025-05-27 11:25:02 Receive DLR [SMSC:vodacom] [SVC:afya] [ACT:afyacallhs] [BINF:] [FID:170662233] [META:?orig_msg?dlr_mask=31&?smpp?dlr_err=%03%00%00&] [from:AFYACALL] [to:255742641465] [flags:-1:-1:-1:-1:1] [msg:122:id:0170662233 sub:001 dlvrd:001 submit date:2505271124 done date:2505271125 stat:DELIVRD err:000 text:Karibu Ndugu kwenye ] [udh:0:]
2025-05-27 11:25:50 Receive SMS [SMSC:vodacom] [SVC:] [ACT:afyacallhs] [BINF:afya ] [FID:] [META:?smpp?] [from:+255747429140] [to:15723] [flags:-1:0:-1:0:-1] [msg:29:I don't understand you please] [udh:0:]
2025-05-27 11:25:51 Sent SMS [SMSC:vodacom] [SVC:default] [ACT:] [BINF:] [FID:170743999] [META:?smpp_resp?] [from:15723] [to:+255747429140] [flags:-1:0:-1:-1:-1] [msg:94:I'm Dr. Raha, here to help with your health questions. Please share your symptoms or concerns.] [udh:0:]
2025-05-27 11:26:20 Receive SMS [SMSC:vodacom] [SVC:] [ACT:afyacallhs] [BINF:afya ] [FID:] [META:?smpp?] [from:+255752286766] [to:15723] [flags:-1:0:-1:0:-1] [msg:13:Xalama kwema?] [udh:0:]
2025-05-27 11:26:21 Sent SMS [SMSC:vodacom] [SVC:default] [ACT:] [BINF:] [FID:170787606] [META:?smpp_resp?] [from:15723] [to:+255752286766] [flags:-1:0:-1:-1:-1] [msg:158:Habari! Mimi ni msaidizi wako wa kidijitali nitakayekupa ushauri bora wa afya kwa shilingi 150 tu kwa siku. Hivi punde utapokea ujumbe wa kuthibitisha malipo!] [udh:0:]
2025-05-27 11:26:25 Receive SMS [SMSC:vodacom] [SVC:] [ACT:afyacallhs] [BINF:afya ] [FID:] [META:?smpp?] [from:+255747429140] [to:15723] [flags:-1:0:-1:0:-1] [msg:11:From where?] [udh:0:]
2025-05-27 11:26:27 Sent SMS [SMSC:vodacom] [SVC:default] [ACT:] [BINF:] [FID:170794912] [META:?smpp_resp?] [from:15723] [to:+255747429140] [flags:-1:0:-1:-1:-1] [msg:104:I'm an AI medical advisor, available globally to help with health questions. How can I assist you today?] [udh:0:]
2025-05-27 11:26:33 Receive DLR [SMSC:vodacom] [SVC:afya] [ACT:afyacallhs] [BINF:] [FID:170787969] [META:?orig_msg?dlr_mask=31&?smpp?dlr_err=%03%00%00&] [from:AFYACALL] [to:255752286766] [flags:-1:-1:-1:-1:1] [msg:122:id:0170787969 sub:001 dlvrd:001 submit date:2505271126 done date:2505271126 stat:DELIVRD err:000 text:Karibu Ndugu kwenye ] [udh:0:]
2025-05-27 11:26:36 Receive DLR [SMSC:vodacom] [SVC:afya] [ACT:afyacallhs] [BINF:] [FID:170791247] [META:?orig_msg?dlr_mask=31&?smpp?dlr_err=%03%00%00&] [from:15723] [to:255752286766] [flags:-1:-1:-1:-1:1] [msg:122:id:0170791247 sub:001 dlvrd:001 submit date:2505271126 done date:2505271126 stat:DELIVRD err:000 text:Tumeshindwa kukamili] [udh:0:]
2025-05-27 11:28:12 Receive SMS [SMSC:vodacom] [SVC:] [ACT:afyacallhs] [BINF:afya ] [FID:] [META:?smpp?] [from:+255754710722] [to:15723] [flags:-1:0:-1:0:-1] [msg:45:Checking if you are responding to our request] [udh:0:]
2025-05-27 11:28:13 Sent SMS [SMSC:vodacom] [SVC:default] [ACT:] [BINF:] [FID:170950122] [META:?smpp_resp?] [from:15723] [to:+255754710722] [flags:-1:0:-1:-1:-1] [msg:46:Hello! I'm Dr. Raha. How can I help you today?] [udh:0:]
2025-05-27 11:28:35 Receive DLR [SMSC:vodacom] [SVC:afya] [ACT:afyacallhs] [BINF:] [FID:170972055] [META:?orig_msg?dlr_mask=31&?smpp?dlr_err=%03%00%00&] [from:AFYACALL] [to:255756171832] [flags:-1:-1:-1:-1:1] [msg:122:id:0170972055 sub:001 dlvrd:001 submit date:2505271128 done date:2505271128 stat:DELIVRD err:000 text:Karibu Ndugu kwenye ] [udh:0:]
2025-05-27 11:29:20 Receive DLR [SMSC:vodacom] [SVC:afya] [ACT:afyacallhs] [BINF:] [FID:171034735] [META:?orig_msg?dlr_mask=31&?smpp?dlr_err=%03%00%00&] [from:AFYACALL] [to:255761809082] [flags:-1:-1:-1:-1:1] [msg:122:id:0171034735 sub:001 dlvrd:001 submit date:2505271129 done date:2505271129 stat:DELIVRD err:000 text:Karibu Ndugu kwenye ] [udh:0:]
2025-05-27 11:29:38 Receive SMS [SMSC:vodacom] [SVC:] [ACT:afyacallhs] [BINF:afya ] [FID:] [META:?smpp?] [from:+255740671837] [to:15723] [flags:-1:0:-1:0:-1] [msg:16:Et Post Zmetoka?] [udh:0:]
2025-05-27 11:29:40 Sent SMS [SMSC:vodacom] [SVC:default] [ACT:] [BINF:] [FID:171072921] [META:?smpp_resp?] [from:15723] [to:+255740671837] [flags:-1:0:-1:-1:-1] [msg:141:Samahani, hauna salio la kutosha. Ongeza salio kwenye M-pesa au muda wa maongezi kisha tuma tena ujumbe. Huduma hii ni Tsh150 tu kwa masaa 24] [udh:0:]
2025-05-27 11:30:31 Receive DLR [SMSC:vodacom] [SVC:afya] [ACT:afyacallhs] [BINF:] [FID:171145467] [META:?orig_msg?dlr_mask=31&?smpp?dlr_err=%03%00%00&] [from:AFYACALL] [to:255763578855] [flags:-1:-1:-1:-1:1] [msg:122:id:0171145467 sub:001 dlvrd:001 submit date:2505271130 done date:2505271130 stat:DELIVRD err:000 text:Umefanikiwa kujitoa ] [udh:0:]
2025-05-27 11:31:04 Receive SMS [SMSC:vodacom] [SVC:] [ACT:afyacallhs] [BINF:afya ] [FID:] [META:?smpp?] [from:+255747429140] [to:15723] [flags:-1:0:-1:0:-1] [msg:23:What about your health?] [udh:0:]
2025-05-27 11:31:06 Sent SMS [SMSC:vodacom] [SVC:default] [ACT:] [BINF:] [FID:171197683] [META:?smpp_resp?] [from:15723] [to:+255747429140] [flags:-1:0:-1:-1:-1] [msg:106:I'm an AI, so I don't have health issues, but I'm here to help you with yours! How can I assist you today?] [udh:0:]
2025-05-27 11:31:44 Receive DLR [SMSC:vodacom] [SVC:afya] [ACT:afyacallhs] [BINF:] [FID:171245892] [META:?orig_msg?dlr_mask=31&?smpp?dlr_err=%03%00%00&] [from:15723] [to:255768633334] [flags:-1:-1:-1:-1:1] [msg:122:id:0171245892 sub:001 dlvrd:001 submit date:2505271131 done date:2505271131 stat:DELIVRD err:000 text:Pole Ndugu Mteja, ba] [udh:0:]
2025-05-27 11:31:47 Receive DLR [SMSC:vodacom] [SVC:afya] [ACT:afyacallhs] [BINF:] [FID:171247269] [META:?orig_msg?dlr_mask=31&?smpp?dlr_err=%03%00%00&] [from:15723] [to:255768633334] [flags:-1:-1:-1:-1:1] [msg:122:id:0171247269 sub:001 dlvrd:001 submit date:2505271131 done date:2505271131 stat:DELIVRD err:000 text:Pole Ndugu Mteja, ba] [udh:0:]
2025-05-27 11:32:38 Receive SMS [SMSC:vodacom] [SVC:] [ACT:afyacallhs] [BINF:afya ] [FID:] [META:?smpp?] [from:+255757342059] [to:15723] [flags:-1:0:-1:0:-1] [msg:47:Habari mimi niko salama siumwi popote nishapona] [udh:0:]
2025-05-27 11:32:44 Receive DLR [SMSC:vodacom] [SVC:afya] [ACT:afyacallhs] [BINF:] [FID:171317350] [META:?orig_msg?dlr_mask=31&?smpp?dlr_err=%03%00%00&] [from:AFYACALL] [to:255744091628] [flags:-1:-1:-1:-1:1] [msg:122:id:0171317350 sub:001 dlvrd:001 submit date:2505271132 done date:2505271132 stat:DELIVRD err:000 text:Karibu huduma ya Kuo] [udh:0:]
2025-05-27 11:32:44 Sent SMS [SMSC:vodacom] [SVC:default] [ACT:] [BINF:] [FID:171337526] [META:?smpp_resp?] [from:15723] [to:+255757342059] [flags:-1:0:-1:-1:-1] [msg:158:Habari! Mimi ni msaidizi wako wa kidijitali nitakayekupa ushauri bora wa afya kwa shilingi 150 tu kwa siku. Hivi punde utapokea ujumbe wa kuthibitisha malipo!] [udh:0:]
2025-05-27 11:32:46 Receive DLR [SMSC:vodacom] [SVC:afya] [ACT:afyacallhs] [BINF:] [FID:171338259] [META:?orig_msg?dlr_mask=31&?smpp?dlr_err=%03%00%00&] [from:AFYACALL] [to:255757342059] [flags:-1:-1:-1:-1:1] [msg:122:id:0171338259 sub:001 dlvrd:001 submit date:2505271132 done date:2505271132 stat:DELIVRD err:000 text:Karibu Ndugu kwenye ] [udh:0:]
2025-05-27 11:32:57 Receive SMS [SMSC:vodacom] [SVC:] [ACT:afyacallhs] [BINF:afya ] [FID:] [META:?smpp?] [from:+255747429140] [to:15723] [flags:-1:0:-1:0:-1] [msg:31:But you understand my question?] [udh:0:]
2025-05-27 11:32:58 Sent SMS [SMSC:vodacom] [SVC:default] [ACT:] [BINF:] [FID:171357753] [META:?smpp_resp?] [from:15723] [to:+255747429140] [flags:-1:0:-1:-1:-1] [msg:68:Could you please clarify your question or concern? I'm here to help!] [udh:0:]
2025-05-27 11:33:04 Receive DLR [SMSC:vodacom] [SVC:afya] [ACT:afyacallhs] [BINF:] [FID:171340831] [META:?orig_msg?dlr_mask=31&?smpp?dlr_err=%03%00%22&] [from:15723] [to:255757342059] [flags:-1:-1:-1:-1:4] [msg:122:id:0171340831 sub:001 dlvrd:001 submit date:2505271132 done date:           stat:ACCEPTD err:034 text:Tumeshindwa kukamili] [udh:0:]
2025-05-27 11:33:43 Receive DLR [SMSC:vodacom] [SVC:afya] [ACT:afyacallhs] [BINF:] [FID:171393844] [META:?orig_msg?dlr_mask=31&?smpp?dlr_err=%03%00%00&] [from:AFYACALL] [to:255762855344] [flags:-1:-1:-1:-1:1] [msg:122:id:0171393844 sub:001 dlvrd:001 submit date:2505271133 done date:2505271133 stat:DELIVRD err:000 text:Karibu Ndugu kwenye ] [udh:0:]
2025-05-27 11:34:04 Receive DLR [SMSC:vodacom] [SVC:afya] [ACT:afyacallhs] [BINF:] [FID:171433081] [META:?orig_msg?dlr_mask=31&?smpp?dlr_err=%03%00%00&] [from:AFYACALL] [to:255761544450] [flags:-1:-1:-1:-1:1] [msg:122:id:0171433081 sub:001 dlvrd:001 submit date:2505271133 done date:2505271134 stat:DELIVRD err:000 text:Karibu Ndugu kwenye ] [udh:0:]
2025-05-27 11:34:15 Receive SMS [SMSC:vodacom] [SVC:] [ACT:afyacallhs] [BINF:afya ] [FID:] [META:?smpp?] [from:+255747429140] [to:15723] [flags:-1:0:-1:0:-1] [msg:56:I say. You know LORD Jesus Christ the Son of living God?] [udh:0:]
2025-05-27 11:34:16 Sent SMS [SMSC:vodacom] [SVC:default] [ACT:] [BINF:] [FID:171467855] [META:?smpp_resp?] [from:15723] [to:+255747429140] [flags:-1:0:-1:-1:-1] [msg:95:I'm here to assist with health-related questions. Please share if you have any health concerns!] [udh:0:]
2025-05-27 11:34:18 Receive DLR [SMSC:vodacom] [SVC:afya] [ACT:afyacallhs] [BINF:] [FID:171454850] [META:?orig_msg?dlr_mask=31&?smpp?dlr_err=%03%00%00&] [from:AFYACALL] [to:255753182817] [flags:-1:-1:-1:-1:1] [msg:122:id:0171454850 sub:001 dlvrd:001 submit date:2505271134 done date:2505271134 stat:DELIVRD err:000 text:Karibu Ndugu kwenye ] [udh:0:]
2025-05-27 11:34:21 Receive DLR [SMSC:vodacom] [SVC:afya] [ACT:afyacallhs] [BINF:] [FID:171457796] [META:?orig_msg?dlr_mask=31&?smpp?dlr_err=%03%00%00&] [from:15723] [to:255753182817] [flags:-1:-1:-1:-1:1] [msg:122:id:0171457796 sub:001 dlvrd:001 submit date:2505271134 done date:2505271134 stat:DELIVRD err:000 text:Tumeshindwa kukamili] [udh:0:]
2025-05-27 11:35:18 Receive SMS [SMSC:vodacom] [SVC:] [ACT:afyacallhs] [BINF:afya ] [FID:] [META:?smpp?] [from:+255757342059] [to:15723] [flags:-1:0:-1:0:-1] [msg:42:Mimi nina tatizo la akili ila natumia dawa] [udh:0:]
2025-05-27 11:35:19 Sent SMS [SMSC:vodacom] [SVC:default] [ACT:] [BINF:] [FID:171558885] [META:?smpp_resp?] [from:15723] [to:+255757342059] [flags:-1:0:-1:-1:-1] [msg:141:Samahani, hauna salio la kutosha. Ongeza salio kwenye M-pesa au muda wa maongezi kisha tuma tena ujumbe. Huduma hii ni Tsh150 tu kwa masaa 24] [udh:0:]
2025-05-27 11:35:22 Receive DLR [SMSC:vodacom] [SVC:afya] [ACT:afyacallhs] [BINF:] [FID:171340831] [META:?orig_msg?dlr_mask=31&?smpp?dlr_err=%03%00%22&] [from:15723] [to:255757342059] [flags:-1:-1:-1:-1:1] [msg:122:id:0171340831 sub:001 dlvrd:001 submit date:2505271132 done date:2505271135 stat:DELIVRD err:034 text:Tumeshindwa kukamili] [udh:0:]
2025-05-27 11:35:27 Receive SMS [SMSC:vodacom] [SVC:] [ACT:afyacallhs] [BINF:afya ] [FID:] [META:?smpp?] [from:+255747429140] [to:15723] [flags:-1:0:-1:0:-1] [msg:28:Hivi umenielewa swali langu?] [udh:0:]
2025-05-27 11:35:28 Sent SMS [SMSC:vodacom] [SVC:default] [ACT:] [BINF:] [FID:171571612] [META:?smpp_resp?] [from:15723] [to:+255747429140] [flags:-1:0:-1:-1:-1] [msg:82:Ninaelewa kuwa una swali. Naomba ufafanue zaidi kuhusu afya yako au dalili zozote.] [udh:0:]
2025-05-27 11:35:55 Receive DLR [SMSC:vodacom] [SVC:afya] [ACT:afyacallhs] [BINF:] [FID:171594974] [META:?orig_msg?dlr_mask=31&?smpp?dlr_err=%03%00%00&] [from:AFYACALL] [to:255762192639] [flags:-1:-1:-1:-1:1] [msg:122:id:0171594974 sub:001 dlvrd:001 submit date:2505271135 done date:2505271135 stat:DELIVRD err:000 text:Umefanikiwa kujitoa ] [udh:0:]
2025-05-27 11:36:06 Receive SMS [SMSC:vodacom] [SVC:] [ACT:afyacallhs] [BINF:afya ] [FID:] [META:?smpp?] [from:+255748976260] [to:15723] [flags:-1:0:-1:0:-1] [msg:160:Bado haujashinda pointi zozote hadi sasa. Usiache nafasi ya ushindi ikupite. Cheza sasa kwa kupiga *149*67# kisha chagua Cheza ili kujiongezea nafasi za ushindi] [udh:0:]
2025-05-27 11:36:07 Sent SMS [SMSC:vodacom] [SVC:default] [ACT:] [BINF:] [FID:171634030] [META:?smpp_resp?] [from:15723] [to:+255748976260] [flags:-1:0:-1:-1:-1] [msg:141:Samahani, hauna salio la kutosha. Ongeza salio kwenye M-pesa au muda wa maongezi kisha tuma tena ujumbe. Huduma hii ni Tsh150 tu kwa masaa 24] [udh:0:]
2025-05-27 11:36:13 Receive DLR [SMSC:vodacom] [SVC:afya] [ACT:afyacallhs] [BINF:] [FID:171625172] [META:?orig_msg?dlr_mask=31&?smpp?dlr_err=%03%00%00&] [from:AFYACALL] [to:255755212895] [flags:-1:-1:-1:-1:1] [msg:122:id:0171625172 sub:001 dlvrd:001 submit date:2505271136 done date:2505271136 stat:DELIVRD err:000 text:Karibu Ndugu kwenye ] [udh:0:]
2025-05-27 11:36:15 Receive DLR [SMSC:vodacom] [SVC:afya] [ACT:afyacallhs] [BINF:] [FID:171628958] [META:?orig_msg?dlr_mask=31&?smpp?dlr_err=%03%00%00&] [from:15723] [to:255755212895] [flags:-1:-1:-1:-1:1] [msg:122:id:0171628958 sub:001 dlvrd:001 submit date:2505271136 done date:2505271136 stat:DELIVRD err:000 text:Tumeshindwa kukamili] [udh:0:]
2025-05-27 11:37:30 Receive SMS [SMSC:vodacom] [SVC:] [ACT:afyacallhs] [BINF:afya ] [FID:] [META:?smpp?] [from:+255740032010] [to:15723] [flags:-1:0:-1:0:-1] [msg:12:Naumwa Tumbo] [udh:0:]
2025-05-27 11:37:31 Sent SMS [SMSC:vodacom] [SVC:default] [ACT:] [BINF:] [FID:171778514] [META:?smpp_resp?] [from:15723] [to:+255740032010] [flags:-1:0:-1:-1:-1] [msg:158:Habari! Mimi ni msaidizi wako wa kidijitali nitakayekupa ushauri bora wa afya kwa shilingi 150 tu kwa siku. Hivi punde utapokea ujumbe wa kuthibitisha malipo!] [udh:0:]
2025-05-27 11:37:51 Receive SMS [SMSC:vodacom] [SVC:] [ACT:afyacallhs] [BINF:afya ] [FID:] [META:?smpp?] [from:+255742062844] [to:15723] [flags:-1:0:-1:0:-1] [msg:24:Cjui hata mana ya mzio n] [udh:0:]
2025-05-27 11:37:53 Sent SMS [SMSC:vodacom] [SVC:default] [ACT:] [BINF:] [FID:171817731] [META:?smpp_resp?] [from:15723] [to:+255742062844] [flags:-1:0:-1:-1:-1] [msg:141:Samahani, hauna salio la kutosha. Ongeza salio kwenye M-pesa au muda wa maongezi kisha tuma tena ujumbe. Huduma hii ni Tsh150 tu kwa masaa 24] [udh:0:]
2025-05-27 11:38:06 Receive DLR [SMSC:vodacom] [SVC:afya] [ACT:afyacallhs] [BINF:] [FID:171793676] [META:?orig_msg?dlr_mask=31&?smpp?dlr_err=%03%00%00&] [from:AFYACALL] [to:255745805251] [flags:-1:-1:-1:-1:1] [msg:122:id:0171793676 sub:001 dlvrd:001 submit date:2505271137 done date:2505271138 stat:DELIVRD err:000 text:Karibu huduma ya Kuo] [udh:0:]
2025-05-27 11:38:17 Receive DLR [SMSC:vodacom] [SVC:afya] [ACT:afyacallhs] [BINF:] [FID:171779263] [META:?orig_msg?dlr_mask=31&?smpp?dlr_err=%03%00+&] [from:AFYACALL] [to:255740032010] [flags:-1:-1:-1:-1:4] [msg:122:id:0171779263 sub:001 dlvrd:001 submit date:2505271137 done date:           stat:ACCEPTD err:032 text:Karibu Ndugu kwenye ] [udh:0:]
2025-05-27 11:38:17 Receive DLR [SMSC:vodacom] [SVC:afya] [ACT:afyacallhs] [BINF:] [FID:171803898] [META:?orig_msg?dlr_mask=31&?smpp?dlr_err=%03%00+&] [from:15723] [to:255740032010] [flags:-1:-1:-1:-1:4] [msg:122:id:0171803898 sub:001 dlvrd:001 submit date:2505271137 done date:           stat:ACCEPTD err:032 text:Tumeshindwa kukamili] [udh:0:]
2025-05-27 11:39:08 Receive SMS [SMSC:vodacom] [SVC:] [ACT:afyacallhs] [BINF:afya ] [FID:] [META:?smpp?] [from:+255756848600] [to:15723] [flags:-1:0:-1:0:-1] [msg:6:Naumwa] [udh:0:]
2025-05-27 11:39:08 Sent SMS [SMSC:vodacom] [SVC:default] [ACT:] [BINF:] [FID:171945814] [META:?smpp_resp?] [from:15723] [to:+255756848600] [flags:-1:0:-1:-1:-1] [msg:158:Habari! Mimi ni msaidizi wako wa kidijitali nitakayekupa ushauri bora wa afya kwa shilingi 150 tu kwa siku. Hivi punde utapokea ujumbe wa kuthibitisha malipo!] [udh:0:]
2025-05-27 11:40:00 Receive DLR [SMSC:vodacom] [SVC:afya] [ACT:afyacallhs] [BINF:] [FID:171959489] [META:?orig_msg?dlr_mask=31&?smpp?dlr_err=%03%00%00&] [from:AFYACALL] [to:255753088636] [flags:-1:-1:-1:-1:1] [msg:122:id:0171959489 sub:001 dlvrd:001 submit date:2505271139 done date:2505271140 stat:DELIVRD err:000 text:Karibu Ndugu kwenye ] [udh:0:]
2025-05-27 11:40:00 Receive DLR [SMSC:vodacom] [SVC:afya] [ACT:afyacallhs] [BINF:] [FID:171946856] [META:?orig_msg?dlr_mask=31&?smpp?dlr_err=%03%00%00&] [from:AFYACALL] [to:255756848600] [flags:-1:-1:-1:-1:1] [msg:122:id:0171946856 sub:001 dlvrd:001 submit date:2505271139 done date:2505271140 stat:DELIVRD err:000 text:Karibu Ndugu kwenye ] [udh:0:]
2025-05-27 11:40:03 Receive DLR [SMSC:vodacom] [SVC:afya] [ACT:afyacallhs] [BINF:] [FID:171966472] [META:?orig_msg?dlr_mask=31&?smpp?dlr_err=%03%00%00&] [from:15723] [to:255753088636] [flags:-1:-1:-1:-1:1] [msg:122:id:0171966472 sub:001 dlvrd:001 submit date:2505271139 done date:2505271140 stat:DELIVRD err:000 text:Tumeshindwa kukamili] [udh:0:]
2025-05-27 11:40:05 Receive DLR [SMSC:vodacom] [SVC:afya] [ACT:afyacallhs] [BINF:] [FID:171950109] [META:?orig_msg?dlr_mask=31&?smpp?dlr_err=%03%00%00&] [from:15723] [to:255756848600] [flags:-1:-1:-1:-1:1] [msg:122:id:0171950109 sub:001 dlvrd:001 submit date:2505271139 done date:2505271140 stat:DELIVRD err:000 text:Tumeshindwa kukamili] [udh:0:]
2025-05-27 11:40:21 Receive SMS [SMSC:vodacom] [SVC:] [ACT:afyacallhs] [BINF:afya ] [FID:] [META:?smpp?] [from:+255754605372] [to:15723] [flags:-1:0:-1:0:-1] [msg:31:Napata maumivu makali ya mgongo] [udh:0:]
2025-05-27 11:40:22 Receive DLR [SMSC:vodacom] [SVC:afya] [ACT:afyacallhs] [BINF:] [FID:172000821] [META:?orig_msg?dlr_mask=31&?smpp?dlr_err=%03%00%00&] [from:AFYACALL] [to:255754853518] [flags:-1:-1:-1:-1:1] [msg:122:id:0172000821 sub:001 dlvrd:001 submit date:2505271139 done date:2505271140 stat:DELIVRD err:000 text:Karibu Ndugu kwenye ] [udh:0:]
2025-05-27 11:40:22 Receive DLR [SMSC:vodacom] [SVC:afya] [ACT:afyacallhs] [BINF:] [FID:172004581] [META:?orig_msg?dlr_mask=31&?smpp?dlr_err=%03%00%00&] [from:15723] [to:255754853518] [flags:-1:-1:-1:-1:1] [msg:122:id:0172004581 sub:001 dlvrd:001 submit date:2505271139 done date:2505271140 stat:DELIVRD err:000 text:Tumeshindwa kukamili] [udh:0:]
2025-05-27 11:40:22 Sent SMS [SMSC:vodacom] [SVC:default] [ACT:] [BINF:] [FID:172080662] [META:?smpp_resp?] [from:15723] [to:+255754605372] [flags:-1:0:-1:-1:-1] [msg:158:Habari! Mimi ni msaidizi wako wa kidijitali nitakayekupa ushauri bora wa afya kwa shilingi 150 tu kwa siku. Hivi punde utapokea ujumbe wa kuthibitisha malipo!] [udh:0:]
2025-05-27 11:40:29 Receive SMS [SMSC:vodacom] [SVC:] [ACT:afyacallhs] [BINF:afya ] [FID:] [META:?smpp?] [from:+255747429140] [to:15723] [flags:-1:0:-1:0:-1] [msg:146:Sina tatizo lolote kiafya namshukuru Mwenyezi Mungu!. Mwingi wa rehema. Kwa kunipa uzima na afya kiroho na kimwili!. Sijajua wewe afya yako ikoje?] [udh:0:]
2025-05-27 11:40:31 Sent SMS [SMSC:vodacom] [SVC:default] [ACT:] [BINF:] [FID:172096247] [META:?smpp_resp?] [from:15723] [to:+255747429140] [flags:-1:0:-1:-1:-1] [msg:89:Mimi ni AI, sina afya ya kimwili kama binadamu. Ila niko hapa kukusaidia maswali ya afya!] [udh:0:]
2025-05-27 11:40:48 Receive DLR [SMSC:vodacom] [SVC:afya] [ACT:afyacallhs] [BINF:] [FID:172081687] [META:?orig_msg?dlr_mask=31&?smpp?dlr_err=%03%00%00&] [from:AFYACALL] [to:255754605372] [flags:-1:-1:-1:-1:1] [msg:122:id:0172081687 sub:001 dlvrd:001 submit date:2505271140 done date:2505271140 stat:DELIVRD err:000 text:Karibu Ndugu kwenye ] [udh:0:]
2025-05-27 11:40:48 Receive DLR [SMSC:vodacom] [SVC:afya] [ACT:afyacallhs] [BINF:] [FID:172084027] [META:?orig_msg?dlr_mask=31&?smpp?dlr_err=%03%00%00&] [from:15723] [to:255754605372] [flags:-1:-1:-1:-1:1] [msg:122:id:0172084027 sub:001 dlvrd:001 submit date:2505271140 done date:2505271140 stat:DELIVRD err:000 text:Tumeshindwa kukamili] [udh:0:]
2025-05-27 11:41:14 Receive SMS [SMSC:vodacom] [SVC:] [ACT:afyacallhs] [BINF:afya ] [FID:] [META:?smpp?] [from:+255754853518] [to:15723] [flags:-1:0:-1:0:-1] [msg:5:ONDOA] [udh:0:]
2025-05-27 11:41:14 Sent SMS [SMSC:vodacom] [SVC:default] [ACT:] [BINF:] [FID:172173435] [META:?smpp_resp?] [from:15723] [to:+255754853518] [flags:-1:0:-1:-1:-1] [msg:60:Ombi lako linashughulikiwa. Your request is being processed.] [udh:0:]
2025-05-27 11:41:35 Receive SMS [SMSC:vodacom] [SVC:] [ACT:afyacallhs] [BINF:afya ] [FID:] [META:?smpp?] [from:+255740292021] [to:15723] [flags:-1:0:-1:0:-1] [msg:6:Vibaya] [udh:0:]
2025-05-27 11:41:36 Sent SMS [SMSC:vodacom] [SVC:default] [ACT:] [BINF:] [FID:172211384] [META:?smpp_resp?] [from:15723] [to:+255740292021] [flags:-1:0:-1:-1:-1] [msg:158:Habari! Mimi ni msaidizi wako wa kidijitali nitakayekupa ushauri bora wa afya kwa shilingi 150 tu kwa siku. Hivi punde utapokea ujumbe wa kuthibitisha malipo!] [udh:0:]
2025-05-27 11:41:59 Receive SMS [SMSC:vodacom] [SVC:] [ACT:afyacallhs] [BINF:afya ] [FID:] [META:?smpp?] [from:+255752578599] [to:15723] [flags:-1:0:-1:0:-1] [msg:28:Mkono wangu unauma kinganjan] [udh:0:]
2025-05-27 11:41:59 Sent SMS [SMSC:vodacom] [SVC:default] [ACT:] [BINF:] [FID:172252609] [META:?smpp_resp?] [from:15723] [to:+255752578599] [flags:-1:0:-1:-1:-1] [msg:158:Habari! Mimi ni msaidizi wako wa kidijitali nitakayekupa ushauri bora wa afya kwa shilingi 150 tu kwa siku. Hivi punde utapokea ujumbe wa kuthibitisha malipo!] [udh:0:]
2025-05-27 11:42:27 Receive SMS [SMSC:vodacom] [SVC:] [ACT:afyacallhs] [BINF:afya ] [FID:] [META:?smpp?] [from:+255755065644] [to:15723] [flags:-1:0:-1:0:-1] [msg:13:Vizuri kidogo] [udh:0:]
2025-05-27 11:42:27 Sent SMS [SMSC:vodacom] [SVC:default] [ACT:] [BINF:] [FID:172296212] [META:?smpp_resp?] [from:15723] [to:+255755065644] [flags:-1:0:-1:-1:-1] [msg:158:Habari! Mimi ni msaidizi wako wa kidijitali nitakayekupa ushauri bora wa afya kwa shilingi 150 tu kwa siku. Hivi punde utapokea ujumbe wa kuthibitisha malipo!] [udh:0:]
2025-05-27 11:42:35 Receive DLR [SMSC:vodacom] [SVC:afya] [ACT:afyacallhs] [BINF:] [FID:172223505] [META:?orig_msg?dlr_mask=31&?smpp?dlr_err=%03%00%00&] [from:15723] [to:255740292021] [flags:-1:-1:-1:-1:1] [msg:122:id:0172223505 sub:001 dlvrd:001 submit date:2505271141 done date:2505271142 stat:DELIVRD err:000 text:Tumeshindwa kukamili] [udh:0:]
2025-05-27 11:44:30 Receive SMS [SMSC:vodacom] [SVC:] [ACT:afyacallhs] [BINF:afya ] [FID:] [META:?smpp?] [from:+255766841775] [to:15723] [flags:-1:0:-1:0:-1] [msg:6:Habari] [udh:0:]
2025-05-27 11:44:30 Sent SMS [SMSC:vodacom] [SVC:default] [ACT:] [BINF:] [FID:172491303] [META:?smpp_resp?] [from:15723] [to:+255766841775] [flags:-1:0:-1:-1:-1] [msg:158:Habari! Mimi ni msaidizi wako wa kidijitali nitakayekupa ushauri bora wa afya kwa shilingi 150 tu kwa siku. Hivi punde utapokea ujumbe wa kuthibitisha malipo!] [udh:0:]
2025-05-27 11:44:52 Receive SMS [SMSC:vodacom] [SVC:] [ACT:afyacallhs] [BINF:afya ] [FID:] [META:?smpp?] [from:+255747964908] [to:15723] [flags:-1:0:-1:0:-1] [msg:21:Leo najisikia na homa] [udh:0:]
2025-05-27 11:44:54 Sent SMS [SMSC:vodacom] [SVC:default] [ACT:] [BINF:] [FID:172529048] [META:?smpp_resp?] [from:15723] [to:+255747964908] [flags:-1:0:-1:-1:-1] [msg:158:Habari! Mimi ni msaidizi wako wa kidijitali nitakayekupa ushauri bora wa afya kwa shilingi 150 tu kwa siku. Hivi punde utapokea ujumbe wa kuthibitisha malipo!] [udh:0:]
2025-05-27 11:45:18 Receive DLR [SMSC:vodacom] [SVC:afya] [ACT:afyacallhs] [BINF:] [FID:172492370] [META:?orig_msg?dlr_mask=31&?smpp?dlr_err=%03%00%00&] [from:AFYACALL] [to:255766841775] [flags:-1:-1:-1:-1:1] [msg:122:id:0172492370 sub:001 dlvrd:001 submit date:2505271144 done date:2505271145 stat:DELIVRD err:000 text:Karibu Ndugu kwenye ] [udh:0:]
2025-05-27 11:45:18 Receive DLR [SMSC:vodacom] [SVC:afya] [ACT:afyacallhs] [BINF:] [FID:172495548] [META:?orig_msg?dlr_mask=31&?smpp?dlr_err=%03%00%00&] [from:15723] [to:255766841775] [flags:-1:-1:-1:-1:1] [msg:122:id:0172495548 sub:001 dlvrd:001 submit date:2505271144 done date:2505271145 stat:DELIVRD err:000 text:Tumeshindwa kukamili] [udh:0:]
2025-05-27 11:45:32 Receive SMS [SMSC:vodacom] [SVC:] [ACT:afyacallhs] [BINF:afya ] [FID:] [META:?smpp?] [from:+255750983434] [to:15723] [flags:-1:0:-1:0:-1] [msg:5:Habar] [udh:0:]
2025-05-27 11:45:32 Sent SMS [SMSC:vodacom] [SVC:default] [ACT:] [BINF:] [FID:172589108] [META:?smpp_resp?] [from:15723] [to:+255750983434] [flags:-1:0:-1:-1:-1] [msg:158:Habari! Mimi ni msaidizi wako wa kidijitali nitakayekupa ushauri bora wa afya kwa shilingi 150 tu kwa siku. Hivi punde utapokea ujumbe wa kuthibitisha malipo!] [udh:0:]
2025-05-27 11:45:47 Receive DLR [SMSC:vodacom] [SVC:afya] [ACT:afyacallhs] [BINF:] [FID:172562045] [META:?orig_msg?dlr_mask=31&?smpp?dlr_err=%03%00%00&] [from:AFYACALL] [to:255753100164] [flags:-1:-1:-1:-1:1] [msg:122:id:0172562045 sub:001 dlvrd:001 submit date:2505271145 done date:2505271145 stat:DELIVRD err:000 text:Umefanikiwa kujitoa ] [udh:0:]
2025-05-27 11:47:32 Receive SMS [SMSC:vodacom] [SVC:] [ACT:afyacallhs] [BINF:afya ] [FID:] [META:?smpp?] [from:+255741157014] [to:15723] [flags:-1:0:-1:0:-1] [msg:24:Fitness ya kujenga shepu] [udh:0:]
2025-05-27 11:47:32 Receive DLR [SMSC:vodacom] [SVC:afya] [ACT:afyacallhs] [BINF:] [FID:172689745] [META:?orig_msg?dlr_mask=31&?smpp?dlr_err=%03%00%00&] [from:AFYACALL] [to:255765373310] [flags:-1:-1:-1:-1:1] [msg:122:id:0172689745 sub:001 dlvrd:001 submit date:2505271146 done date:2505271147 stat:DELIVRD err:000 text:Karibu Ndugu kwenye ] [udh:0:]
2025-05-27 11:47:33 Receive DLR [SMSC:vodacom] [SVC:afya] [ACT:afyacallhs] [BINF:] [FID:172692419] [META:?orig_msg?dlr_mask=31&?smpp?dlr_err=%03%00%00&] [from:15723] [to:255765373310] [flags:-1:-1:-1:-1:1] [msg:122:id:0172692419 sub:001 dlvrd:001 submit date:2505271146 done date:2505271147 stat:DELIVRD err:000 text:Tumeshindwa kukamili] [udh:0:]
2025-05-27 11:47:33 Sent SMS [SMSC:vodacom] [SVC:default] [ACT:] [BINF:] [FID:172779816] [META:?smpp_resp?] [from:15723] [to:+255741157014] [flags:-1:0:-1:-1:-1] [msg:112:Fanya mazoezi kama squats, lunges, na deadlifts. Kumbuka lishe bora na maji ya kutosha. Maendeleo huchukua muda.] [udh:0:]
2025-05-27 11:48:15 Receive SMS [SMSC:vodacom] [SVC:] [ACT:afyacallhs] [BINF:afya ] [FID:] [META:?smpp?] [from:+255750983434] [to:15723] [flags:-1:0:-1:0:-1] [msg:5:Habar] [udh:0:]
2025-05-27 11:48:17 Sent SMS [SMSC:vodacom] [SVC:default] [ACT:] [BINF:] [FID:172849308] [META:?smpp_resp?] [from:15723] [to:+255750983434] [flags:-1:0:-1:-1:-1] [msg:141:Samahani, hauna salio la kutosha. Ongeza salio kwenye M-pesa au muda wa maongezi kisha tuma tena ujumbe. Huduma hii ni Tsh150 tu kwa masaa 24] [udh:0:]
2025-05-27 11:48:34 Receive SMS [SMSC:vodacom] [SVC:] [ACT:afyacallhs] [BINF:afya ] [FID:] [META:?smpp?] [from:+255747429140] [to:15723] [flags:-1:0:-1:0:-1] [msg:20:Na ushindwe kabisa!.] [udh:0:]
2025-05-27 11:48:35 Sent SMS [SMSC:vodacom] [SVC:default] [ACT:] [BINF:] [FID:172876286] [META:?smpp_resp?] [from:15723] [to:+255747429140] [flags:-1:0:-1:-1:-1] [msg:74:Pole kama kuna jambo lisilo sawa. Naweza kukusaidia nini kuhusu afya yako?] [udh:0:]
2025-05-27 11:49:42 Receive SMS [SMSC:vodacom] [SVC:] [ACT:afyacallhs] [BINF:afya ] [FID:] [META:?smpp?] [from:+255756457272] [to:15723] [flags:-1:0:-1:0:-1] [msg:8:ONDOASMS] [udh:0:]
2025-05-27 11:49:42 Sent SMS [SMSC:vodacom] [SVC:default] [ACT:] [BINF:] [FID:172968431] [META:?smpp_resp?] [from:15723] [to:+255756457272] [flags:-1:0:-1:-1:-1] [msg:60:Ombi lako linashughulikiwa. Your request is being processed.] [udh:0:]
2025-05-27 11:50:38 Receive SMS [SMSC:vodacom] [SVC:] [ACT:afyacallhs] [BINF:afya ] [FID:] [META:?smpp?] [from:+255749887282] [to:15723] [flags:-1:0:-1:0:-1] [msg:9: ONDOASMS] [udh:0:]
2025-05-27 11:50:38 Sent SMS [SMSC:vodacom] [SVC:default] [ACT:] [BINF:] [FID:173033932] [META:?smpp_resp?] [from:15723] [to:+255749887282] [flags:-1:0:-1:-1:-1] [msg:60:Ombi lako linashughulikiwa. Your request is being processed.] [udh:0:]
2025-05-27 11:51:06 Receive DLR [SMSC:vodacom] [SVC:afya] [ACT:afyacallhs] [BINF:] [FID:173043541] [META:?orig_msg?dlr_mask=31&?smpp?dlr_err=%03%00%00&] [from:AFYACALL] [to:255742333276] [flags:-1:-1:-1:-1:1] [msg:122:id:0173043541 sub:001 dlvrd:001 submit date:2505271150 done date:2505271151 stat:DELIVRD err:000 text:Karibu Ndugu kwenye ] [udh:0:]
2025-05-27 11:51:09 Receive DLR [SMSC:vodacom] [SVC:afya] [ACT:afyacallhs] [BINF:] [FID:173046316] [META:?orig_msg?dlr_mask=31&?smpp?dlr_err=%03%00%00&] [from:15723] [to:255742333276] [flags:-1:-1:-1:-1:1] [msg:122:id:0173046316 sub:001 dlvrd:001 submit date:2505271150 done date:2505271151 stat:DELIVRD err:000 text:Tumeshindwa kukamili] [udh:0:]
2025-05-27 11:51:13 Receive DLR [SMSC:vodacom] [SVC:afya] [ACT:afyacallhs] [BINF:] [FID:173035201] [META:?orig_msg?dlr_mask=31&?smpp?dlr_err=%03%00%00&] [from:15723] [to:255747964908] [flags:-1:-1:-1:-1:1] [msg:122:id:0173035201 sub:001 dlvrd:001 submit date:2505271150 done date:2505271151 stat:DELIVRD err:000 text:Pole Ndugu Mteja, ba] [udh:0:]
2025-05-27 11:51:25 Log ends
